File: \Accessible.tlb
File: \AccessibleMarshal.dll
File: \api-ms-win-core-console-l1-1-0.dll
File: \api-ms-win-core-datetime-l1-1-0.dll
File: \api-ms-win-core-debug-l1-1-0.dll
File: \api-ms-win-core-errorhandling-l1-1-0.dll
File: \api-ms-win-core-file-l1-1-0.dll
File: \api-ms-win-core-file-l1-2-0.dll
File: \api-ms-win-core-file-l2-1-0.dll
File: \api-ms-win-core-handle-l1-1-0.dll
File: \api-ms-win-core-heap-l1-1-0.dll
File: \api-ms-win-core-interlocked-l1-1-0.dll
File: \api-ms-win-core-libraryloader-l1-1-0.dll
File: \api-ms-win-core-localization-l1-2-0.dll
File: \api-ms-win-core-memory-l1-1-0.dll
File: \api-ms-win-core-namedpipe-l1-1-0.dll
File: \api-ms-win-core-processenvironment-l1-1-0.dll
File: \api-ms-win-core-processthreads-l1-1-0.dll
File: \api-ms-win-core-processthreads-l1-1-1.dll
File: \api-ms-win-core-profile-l1-1-0.dll
File: \api-ms-win-core-rtlsupport-l1-1-0.dll
File: \api-ms-win-core-string-l1-1-0.dll
File: \api-ms-win-core-synch-l1-1-0.dll
File: \api-ms-win-core-synch-l1-2-0.dll
File: \api-ms-win-core-sysinfo-l1-1-0.dll
File: \api-ms-win-core-timezone-l1-1-0.dll
File: \api-ms-win-core-util-l1-1-0.dll
File: \api-ms-win-crt-conio-l1-1-0.dll
File: \api-ms-win-crt-convert-l1-1-0.dll
File: \api-ms-win-crt-environment-l1-1-0.dll
File: \api-ms-win-crt-filesystem-l1-1-0.dll
File: \api-ms-win-crt-heap-l1-1-0.dll
File: \api-ms-win-crt-locale-l1-1-0.dll
File: \api-ms-win-crt-math-l1-1-0.dll
File: \api-ms-win-crt-multibyte-l1-1-0.dll
File: \api-ms-win-crt-private-l1-1-0.dll
File: \api-ms-win-crt-process-l1-1-0.dll
File: \api-ms-win-crt-runtime-l1-1-0.dll
File: \api-ms-win-crt-stdio-l1-1-0.dll
File: \api-ms-win-crt-string-l1-1-0.dll
File: \api-ms-win-crt-time-l1-1-0.dll
File: \api-ms-win-crt-utility-l1-1-0.dll
File: \application.ini
File: \breakpadinjector.dll
File: \chrome.manifest
File: \D3DCompiler_43.dll
File: \d3dcompiler_47.dll
File: \dependentlibs.list
File: \firefox.VisualElementsManifest.xml
File: \freebl3.chk
File: \freebl3.dll
File: \IA2Marshal.dll
File: \lgpllibs.dll
File: \libEGL.dll
File: \libGLESv2.dll
File: \minidump-analyzer.exe
File: \mozavcodec.dll
File: \mozavutil.dll
File: \mozglue.dll
File: \msvcp140.dll
File: \msvcr120.dll
File: \nss3.dll
File: \nssckbi.dll
File: \nssdbm3.chk
File: \nssdbm3.dll
File: \omni.ja
File: \platform.ini
File: \plugin-container.exe
File: \plugin-hang-ui.exe
File: \qipcap.dll
File: \softokn3.chk
File: \softokn3.dll
File: \ucrtbase.dll
File: \updater.exe
File: \updater.ini
File: \vcruntime140.dll
File: \voucher.bin
File: \wow_helper.exe
File: \xul.dll
File: \zotero.exe
File: \zotero.jar
File: \uninstall\helper.exe
File: \gmp-clearkey\0.1\clearkey.dll
File: \gmp-clearkey\0.1\clearkey.info
File: \fonts\EmojiOneMozilla.ttf
File: \extensions\zoteroWinWordIntegration@zotero.org\chrome.manifest
File: \extensions\zoteroWinWordIntegration@zotero.org\COPYING
File: \extensions\zoteroWinWordIntegration@zotero.org\install.rdf
File: \extensions\zoteroWinWordIntegration@zotero.org\README.md
File: \extensions\zoteroWinWordIntegration@zotero.org\resource\installer.jsm
File: \extensions\zoteroWinWordIntegration@zotero.org\resource\libzoteroWinWordIntegration.dll
File: \extensions\zoteroWinWordIntegration@zotero.org\resource\libzoteroWinWordIntegration_x64.dll
File: \extensions\zoteroWinWordIntegration@zotero.org\install\Zotero.dot
File: \extensions\zoteroWinWordIntegration@zotero.org\install\Zotero.dotm
File: \extensions\zoteroWinWordIntegration@zotero.org\defaults\preferences\zoteroWinWordIntegration.js
File: \extensions\zoteroWinWordIntegration@zotero.org\components\zoteroIntegration.xpt
File: \extensions\zoteroWinWordIntegration@zotero.org\components\zoteroWinWordIntegration.js
File: \extensions\zoteroWinWordIntegration@zotero.org\chrome\overlay.xul
File: \extensions\zoteroWinWordIntegration@zotero.org\chrome\preferences.xul
File: \extensions\zoteroWinWordIntegration@zotero.org\chrome\progress.xul
File: \extensions\zoteroOpenOfficeIntegration@zotero.org\chrome.manifest
File: \extensions\zoteroOpenOfficeIntegration@zotero.org\COPYING
File: \extensions\zoteroOpenOfficeIntegration@zotero.org\install.rdf
File: \extensions\zoteroOpenOfficeIntegration@zotero.org\README.md
File: \extensions\zoteroOpenOfficeIntegration@zotero.org\scripts\symlink_sdk
File: \extensions\zoteroOpenOfficeIntegration@zotero.org\resource\installer.jsm
File: \extensions\zoteroOpenOfficeIntegration@zotero.org\install\Zotero_OpenOffice_Integration.oxt
File: \extensions\zoteroOpenOfficeIntegration@zotero.org\defaults\preferences\zoteroOpenOfficeIntegration.js
File: \extensions\zoteroOpenOfficeIntegration@zotero.org\components\zoteroOpenOfficeIntegration.js
File: \extensions\zoteroOpenOfficeIntegration@zotero.org\chrome\install.js
File: \extensions\zoteroOpenOfficeIntegration@zotero.org\chrome\install.xul
File: \extensions\zoteroOpenOfficeIntegration@zotero.org\chrome\overlay.xul
File: \extensions\zoteroOpenOfficeIntegration@zotero.org\chrome\preferences.xul
File: \extensions\zoteroOpenOfficeIntegration@zotero.org\chrome\progress.xul
File: \dictionaries\en-US.aff
File: \dictionaries\en-US.dic
File: \defaults\preferences\prefs.js
File: \defaults\preferences\zotero.js
File: \components\jsconsole-clhandler.js
File: \components\zotero-autocomplete.js
File: \components\zotero-protocol-handler.js
File: \components\zotero-service.js
File: \chrome\icons\default\default16.png
File: \chrome\icons\default\default256.png
File: \chrome\icons\default\default32.png
File: \chrome\icons\default\default48.png
File: \chrome\icons\default\main-window.ico
File: \components\compreg.dat
File: \components\xpti.dat
File: \active-update.xml
File: \install.log
File: \install_status.log
File: \install_wizard.log
File: \updates.xml
